<?xml version="1.0" encoding="UTF-8"?>
<!-- Generated by org.testng.reporters.JUnitReportReporter -->
<testsuite skipped="0" hostname="LAPTOP-17K3GVJB" name="featureFileSuites.LoginSuiteRunner" tests="1" failures="0" timestamp="03 Oct 2018 18:12:55 GMT" time="0.122" errors="0">
  <testcase name="feature" time="0.122" classname="featureFileSuites.LoginSuiteRunner"/>
</testsuite> <!-- featureFileSuites.LoginSuiteRunner -->
